./sdriver.pl -t trace01.txt -s ./tshref -a "-p"
#
# trace01.txt - Properly terminate on EOF.
#
./sdriver.pl -t trace02.txt -s ./tshref -a "-p"
#
# trace02.txt - Process builtin quit command.
#
./sdriver.pl -t trace03.txt -s ./tshref -a "-p"
#
# trace03.txt - Run a foreground job.
#
tsh> quit
./sdriver.pl -t trace04.txt -s ./tshref -a "-p"
#
# trace04.txt - Run a background job.
#
tsh> ./myspin 1 &
[1] (35845) ./myspin 1 &
./sdriver.pl -t trace05.txt -s ./tshref -a "-p"
#
# trace05.txt - Process jobs builtin command.
#
tsh> ./myspin 2 &
[1] (35850) ./myspin 2 &
tsh> ./myspin 3 &
[2] (35852) ./myspin 3 &
tsh> jobs
[1] (35850) Running ./myspin 2 &
[2] (35852) Running ./myspin 3 &
./sdriver.pl -t trace06.txt -s ./tshref -a "-p"
#
# trace06.txt - Forward SIGINT to foreground job.
#
tsh> ./myspin 4
Job [1] (35858) terminated by signal 2
./sdriver.pl -t trace07.txt -s ./tshref -a "-p"
#
# trace07.txt - Forward SIGINT only to foreground job.
#
tsh> ./myspin 4 &
[1] (35863) ./myspin 4 &
tsh> ./myspin 5
Job [2] (35865) terminated by signal 2
tsh> jobs
[1] (35863) Running ./myspin 4 &
./sdriver.pl -t trace08.txt -s ./tshref -a "-p"
#
# trace08.txt - Forward SIGTSTP only to foreground job.
#
tsh> ./myspin 4 &
[1] (35871) ./myspin 4 &
tsh> ./myspin 5
Job [2] (35873) stopped by signal 20
tsh> jobs
[1] (35871) Running ./myspin 4 &
[2] (35873) Stopped ./myspin 5 
./sdriver.pl -t trace09.txt -s ./tshref -a "-p"
#
# trace09.txt - Process bg builtin command
#
tsh> ./myspin 4 &
[1] (35880) ./myspin 4 &
tsh> ./myspin 5
Job [2] (35882) stopped by signal 20
tsh> jobs
[1] (35880) Running ./myspin 4 &
[2] (35882) Stopped ./myspin 5 
tsh> bg %2
[2] (35882) ./myspin 5 
tsh> jobs
[1] (35880) Running ./myspin 4 &
[2] (35882) Running ./myspin 5 
./sdriver.pl -t trace10.txt -s ./tshref -a "-p"
#
# trace10.txt - Process fg builtin command. 
#
tsh> ./myspin 4 &
[1] (35890) ./myspin 4 &
tsh> fg %1
Job [1] (35890) stopped by signal 20
tsh> jobs
[1] (35890) Stopped ./myspin 4 &
tsh> fg %1
tsh> jobs
./sdriver.pl -t trace11.txt -s ./tshref -a "-p"
#
# trace11.txt - Forward SIGINT to every process in foreground process group
#
tsh> ./mysplit 4
Job [1] (35899) terminated by signal 2
tsh> /bin/ps a
  PID TTY      STAT   TIME COMMAND
 1026 tty4     Ss+    0:00 /sbin/getty -8 38400 tty4
 1032 tty5     Ss+    0:00 /sbin/getty -8 38400 tty5
 1040 tty2     Ss+    0:00 /sbin/getty -8 38400 tty2
 1041 tty3     Ss+    0:00 /sbin/getty -8 38400 tty3
 1044 tty6     Ss+    0:00 /sbin/getty -8 38400 tty6
 8038 tty7     Ss+    0:18 /usr/bin/X -core :0 -seat seat0 -auth /var/run/lightdm/root/:0 -nolisten tcp vt7 -novtswitch
 8499 tty1     Ss+    0:00 /sbin/getty -8 38400 tty1
 9572 pts/11   Ss     0:00 bash
35830 pts/11   S+     0:00 make rtests
35895 pts/11   S+     0:00 /bin/sh -c ./sdriver.pl -t trace11.txt -s ./tshref -a "-p"
35896 pts/11   S+     0:00 /usr/bin/perl ./sdriver.pl -t trace11.txt -s ./tshref -a -p
35897 pts/11   S+     0:00 ./tshref -p
35902 pts/11   R      0:00 /bin/ps a
./sdriver.pl -t trace12.txt -s ./tshref -a "-p"
#
# trace12.txt - Forward SIGTSTP to every process in foreground process group
#
tsh> ./mysplit 4
Job [1] (35907) stopped by signal 20
tsh> jobs
[1] (35907) Stopped ./mysplit 4 
tsh> /bin/ps a
  PID TTY      STAT   TIME COMMAND
 1026 tty4     Ss+    0:00 /sbin/getty -8 38400 tty4
 1032 tty5     Ss+    0:00 /sbin/getty -8 38400 tty5
 1040 tty2     Ss+    0:00 /sbin/getty -8 38400 tty2
 1041 tty3     Ss+    0:00 /sbin/getty -8 38400 tty3
 1044 tty6     Ss+    0:00 /sbin/getty -8 38400 tty6
 8038 tty7     Ss+    0:18 /usr/bin/X -core :0 -seat seat0 -auth /var/run/lightdm/root/:0 -nolisten tcp vt7 -novtswitch
 8499 tty1     Ss+    0:00 /sbin/getty -8 38400 tty1
 9572 pts/11   Ss     0:00 bash
35830 pts/11   S+     0:00 make rtests
35903 pts/11   S+     0:00 /bin/sh -c ./sdriver.pl -t trace12.txt -s ./tshref -a "-p"
35904 pts/11   S+     0:00 /usr/bin/perl ./sdriver.pl -t trace12.txt -s ./tshref -a -p
35905 pts/11   S+     0:00 ./tshref -p
35907 pts/11   T      0:00 ./mysplit 4
35908 pts/11   T      0:00 ./mysplit 4
35912 pts/11   R      0:00 /bin/ps a
./sdriver.pl -t trace13.txt -s ./tshref -a "-p"
#
# trace13.txt - Restart every stopped process in process group
#
tsh> ./mysplit 4
Job [1] (35917) stopped by signal 20
tsh> jobs
[1] (35917) Stopped ./mysplit 4 
tsh> /bin/ps a
  PID TTY      STAT   TIME COMMAND
 1026 tty4     Ss+    0:00 /sbin/getty -8 38400 tty4
 1032 tty5     Ss+    0:00 /sbin/getty -8 38400 tty5
 1040 tty2     Ss+    0:00 /sbin/getty -8 38400 tty2
 1041 tty3     Ss+    0:00 /sbin/getty -8 38400 tty3
 1044 tty6     Ss+    0:00 /sbin/getty -8 38400 tty6
 8038 tty7     Ss+    0:18 /usr/bin/X -core :0 -seat seat0 -auth /var/run/lightdm/root/:0 -nolisten tcp vt7 -novtswitch
 8499 tty1     Ss+    0:00 /sbin/getty -8 38400 tty1
 9572 pts/11   Ss     0:00 bash
35830 pts/11   S+     0:00 make rtests
35913 pts/11   S+     0:00 /bin/sh -c ./sdriver.pl -t trace13.txt -s ./tshref -a "-p"
35914 pts/11   S+     0:00 /usr/bin/perl ./sdriver.pl -t trace13.txt -s ./tshref -a -p
35915 pts/11   S+     0:00 ./tshref -p
35917 pts/11   T      0:00 ./mysplit 4
35918 pts/11   T      0:00 ./mysplit 4
35921 pts/11   R      0:00 /bin/ps a
tsh> fg %1
tsh> /bin/ps a
  PID TTY      STAT   TIME COMMAND
 1026 tty4     Ss+    0:00 /sbin/getty -8 38400 tty4
 1032 tty5     Ss+    0:00 /sbin/getty -8 38400 tty5
 1040 tty2     Ss+    0:00 /sbin/getty -8 38400 tty2
 1041 tty3     Ss+    0:00 /sbin/getty -8 38400 tty3
 1044 tty6     Ss+    0:00 /sbin/getty -8 38400 tty6
 8038 tty7     Ss+    0:18 /usr/bin/X -core :0 -seat seat0 -auth /var/run/lightdm/root/:0 -nolisten tcp vt7 -novtswitch
 8499 tty1     Ss+    0:00 /sbin/getty -8 38400 tty1
 9572 pts/11   Ss     0:00 bash
35830 pts/11   S+     0:00 make rtests
35913 pts/11   S+     0:00 /bin/sh -c ./sdriver.pl -t trace13.txt -s ./tshref -a "-p"
35914 pts/11   S+     0:00 /usr/bin/perl ./sdriver.pl -t trace13.txt -s ./tshref -a -p
35915 pts/11   S+     0:00 ./tshref -p
35924 pts/11   R      0:00 /bin/ps a
./sdriver.pl -t trace14.txt -s ./tshref -a "-p"
#
# trace14.txt - Simple error handling
#
tsh> ./bogus
./bogus: Command not found
tsh> ./myspin 4 &
[1] (35931) ./myspin 4 &
tsh> fg
fg command requires PID or %jobid argument
tsh> bg
bg command requires PID or %jobid argument
tsh> fg a
fg: argument must be a PID or %jobid
tsh> bg a
bg: argument must be a PID or %jobid
tsh> fg 9999999
(9999999): No such process
tsh> bg 9999999
(9999999): No such process
tsh> fg %2
%2: No such job
tsh> fg %1
Job [1] (35931) stopped by signal 20
tsh> bg %2
%2: No such job
tsh> bg %1
[1] (35931) ./myspin 4 &
tsh> jobs
[1] (35931) Running ./myspin 4 &
./sdriver.pl -t trace15.txt -s ./tshref -a "-p"
#
# trace15.txt - Putting it all together
#
tsh> ./bogus
./bogus: Command not found
tsh> ./myspin 10
Job [1] (35949) terminated by signal 2
tsh> ./myspin 3 &
[1] (35951) ./myspin 3 &
tsh> ./myspin 4 &
[2] (35953) ./myspin 4 &
tsh> jobs
[1] (35951) Running ./myspin 3 &
[2] (35953) Running ./myspin 4 &
tsh> fg %1
Job [1] (35951) stopped by signal 20
tsh> jobs
[1] (35951) Stopped ./myspin 3 &
[2] (35953) Running ./myspin 4 &
tsh> bg %3
%3: No such job
tsh> bg %1
[1] (35951) ./myspin 3 &
tsh> jobs
[1] (35951) Running ./myspin 3 &
[2] (35953) Running ./myspin 4 &
tsh> fg %1
tsh> quit
./sdriver.pl -t trace16.txt -s ./tshref -a "-p"
#
# trace16.txt - Tests whether the shell can handle SIGTSTP and SIGINT
#     signals that come from other processes instead of the terminal.
#
tsh> ./mystop 2
Job [1] (35967) stopped by signal 20
tsh> jobs
[1] (35967) Stopped ./mystop 2
tsh> ./myint 2
Job [2] (35970) terminated by signal 2
all time
